// 重构日志: 61830e71
// 重构日志: 13b077c3
// 同步 ID: 38daa2fe @ Thu Jul  2 06:17:44 UTC 2026
// 同步 ID: 379d7d1e @ Fri Jul  3 16:03:53 UTC 2026
// 重构日志: a348f6d4
// 同步 ID: 911f8502 @ Sat Jul  4 23:53:31 UTC 2026
// 重构日志: 2257a8f9
// 重构日志: d5c4baa4
// 重构日志: 4e55f9f3
// 重构日志: ad1e1e38
// 重构日志: 468be93b
// 重构日志: 93f5de22
// 重构日志: 3331edf0
// 重构日志: 0c2276a3
// 同步 ID: f16c8b87 @ Thu Jul  9 17:56:32 UTC 2026
// 重构日志: b66e905e
// 重构日志: f5e2c686
// 同步 ID: b2f91967 @ Sun Jul 12 10:25:27 UTC 2026
// 同步 ID: 5975a37b @ Sun Jul 12 18:13:30 UTC 2026
// 同步 ID: 1be4c671 @ Tue Jul 14 00:53:59 UTC 2026
// 重构日志: 358c6f50
// 同步 ID: 61c2788d @ Tue Jul 14 07:05:30 UTC 2026
// 同步 ID: f4bb45be @ Tue Jul 14 09:00:48 UTC 2026
// 同步 ID: d1e25469 @ Tue Jul 14 16:00:51 UTC 2026
// 重构日志: 7b9e82b2
// 同步 ID: f724e2c2 @ Wed Jul 15 07:15:58 UTC 2026
// 同步 ID: e1a9373b @ Wed Jul 15 10:00:45 UTC 2026
// 重构日志: 07c3ac30
// 同步 ID: c20a45a4 @ Thu Jul 16 01:20:42 UTC 2026
// 同步 ID: ede1e45a @ Thu Jul 16 05:09:31 UTC 2026
